#Build: Fabric Compiler 2022.1, Build 99559, Jul 12 00:20 2022
#Install: F:\PDS_2022.1\bin
#Application name: pds_shell.exe
#OS: Windows 10 10.0.22631
#Hostname: DESKTOP-OEEU7V0
Generated by Fabric Compiler (version 2022.1 build 99559) at Tue May 14 01:07:26 2024
License checkout: fabric_ads
Compiling verification operator library.
Loading technology operator library.
Compiling technology operator library.
Compiling technology operator (valence) library.
I: Enable Verilog2k features and keywords
Start rtl-analyze.
Executing : .rtl_analyze -work work -include_path {E:/FPGA/PangoProjects/MicArray} E:/FPGA/PangoProjects/MicArray/source/MEMs_microphone_driver.sv
I: Verilog-0001: Analyzing file E:/FPGA/PangoProjects/MicArray/source/MEMs_microphone_driver.sv
I: Verilog-0002: [E:/FPGA/PangoProjects/MicArray/source/MEMs_microphone_driver.sv(line number: 10)] Analyzing module MEMs_microphone_driver (library work)
E: Verilog-4039: [E:/FPGA/PangoProjects/MicArray/source/MEMs_microphone_driver.sv(line number: 12)] Identifier logic is not declared
E: Verilog-4159: [E:/FPGA/PangoProjects/MicArray/source/MEMs_microphone_driver.sv(line number: 12)] Type logic is not a known type.
E: Verilog-4039: [E:/FPGA/PangoProjects/MicArray/source/MEMs_microphone_driver.sv(line number: 13)] Identifier logic is not declared
E: Verilog-4159: [E:/FPGA/PangoProjects/MicArray/source/MEMs_microphone_driver.sv(line number: 13)] Type logic is not a known type.
E: Verilog-4039: [E:/FPGA/PangoProjects/MicArray/source/MEMs_microphone_driver.sv(line number: 15)] Identifier logic is not declared
E: Verilog-4159: [E:/FPGA/PangoProjects/MicArray/source/MEMs_microphone_driver.sv(line number: 15)] Type logic is not a known type.
E: Verilog-4039: [E:/FPGA/PangoProjects/MicArray/source/MEMs_microphone_driver.sv(line number: 16)] Identifier logic is not declared
E: Verilog-4159: [E:/FPGA/PangoProjects/MicArray/source/MEMs_microphone_driver.sv(line number: 16)] Type logic is not a known type.
E: Verilog-4039: [E:/FPGA/PangoProjects/MicArray/source/MEMs_microphone_driver.sv(line number: 17)] Identifier logic is not declared
E: Verilog-4159: [E:/FPGA/PangoProjects/MicArray/source/MEMs_microphone_driver.sv(line number: 17)] Type logic is not a known type.
E: Verilog-4039: [E:/FPGA/PangoProjects/MicArray/source/MEMs_microphone_driver.sv(line number: 18)] Identifier logic is not declared
E: Verilog-4159: [E:/FPGA/PangoProjects/MicArray/source/MEMs_microphone_driver.sv(line number: 18)] Type logic is not a known type.
E: Verilog-4039: [E:/FPGA/PangoProjects/MicArray/source/MEMs_microphone_driver.sv(line number: 19)] Identifier logic is not declared
E: Verilog-4159: [E:/FPGA/PangoProjects/MicArray/source/MEMs_microphone_driver.sv(line number: 19)] Type logic is not a known type.
E: Verilog-4039: [E:/FPGA/PangoProjects/MicArray/source/MEMs_microphone_driver.sv(line number: 21)] Identifier logic is not declared
E: Verilog-4159: [E:/FPGA/PangoProjects/MicArray/source/MEMs_microphone_driver.sv(line number: 21)] Type logic is not a known type.
E: Verilog-4039: [E:/FPGA/PangoProjects/MicArray/source/MEMs_microphone_driver.sv(line number: 22)] Identifier logic is not declared
E: Verilog-4159: [E:/FPGA/PangoProjects/MicArray/source/MEMs_microphone_driver.sv(line number: 22)] Type logic is not a known type.
E: Verilog-4039: [E:/FPGA/PangoProjects/MicArray/source/MEMs_microphone_driver.sv(line number: 23)] Identifier logic is not declared
E: Verilog-4159: [E:/FPGA/PangoProjects/MicArray/source/MEMs_microphone_driver.sv(line number: 23)] Type logic is not a known type.
E: Verilog-4039: [E:/FPGA/PangoProjects/MicArray/source/MEMs_microphone_driver.sv(line number: 24)] Identifier logic is not declared
E: Verilog-4159: [E:/FPGA/PangoProjects/MicArray/source/MEMs_microphone_driver.sv(line number: 24)] Type logic is not a known type.
E: Verilog-4039: [E:/FPGA/PangoProjects/MicArray/source/MEMs_microphone_driver.sv(line number: 25)] Identifier logic is not declared
E: Verilog-4159: [E:/FPGA/PangoProjects/MicArray/source/MEMs_microphone_driver.sv(line number: 25)] Type logic is not a known type.
E: Verilog-4039: [E:/FPGA/PangoProjects/MicArray/source/MEMs_microphone_driver.sv(line number: 26)] Identifier logic is not declared
E: Verilog-4159: [E:/FPGA/PangoProjects/MicArray/source/MEMs_microphone_driver.sv(line number: 26)] Type logic is not a known type.
E: Verilog-4039: [E:/FPGA/PangoProjects/MicArray/source/MEMs_microphone_driver.sv(line number: 27)] Identifier logic is not declared
E: Verilog-4159: [E:/FPGA/PangoProjects/MicArray/source/MEMs_microphone_driver.sv(line number: 27)] Type logic is not a known type.
E: Verilog-4039: [E:/FPGA/PangoProjects/MicArray/source/MEMs_microphone_driver.sv(line number: 34)] Identifier logic is not declared
E: Verilog-4159: [E:/FPGA/PangoProjects/MicArray/source/MEMs_microphone_driver.sv(line number: 34)] Type logic is not a known type.
E: Verilog-4039: [E:/FPGA/PangoProjects/MicArray/source/MEMs_microphone_driver.sv(line number: 36)] Identifier logic is not declared
E: Verilog-4159: [E:/FPGA/PangoProjects/MicArray/source/MEMs_microphone_driver.sv(line number: 36)] Type logic is not a known type.
E: Verilog-4005: [E:/FPGA/PangoProjects/MicArray/source/MEMs_microphone_driver.sv(line number: 44)] Syntax error near @
E: Verilog-4005: [E:/FPGA/PangoProjects/MicArray/source/MEMs_microphone_driver.sv(line number: 57)] Syntax error near <=
E: Verilog-4005: [E:/FPGA/PangoProjects/MicArray/source/MEMs_microphone_driver.sv(line number: 65)] Syntax error near <=
E: Verilog-4005: [E:/FPGA/PangoProjects/MicArray/source/MEMs_microphone_driver.sv(line number: 66)] Syntax error near <=
E: Verilog-4005: [E:/FPGA/PangoProjects/MicArray/source/MEMs_microphone_driver.sv(line number: 69)] Syntax error near <=
E: Verilog-4005: [E:/FPGA/PangoProjects/MicArray/source/MEMs_microphone_driver.sv(line number: 70)] Syntax error near <=
E: Verilog-4005: [E:/FPGA/PangoProjects/MicArray/source/MEMs_microphone_driver.sv(line number: 71)] Syntax error near <=
E: Verilog-4005: [E:/FPGA/PangoProjects/MicArray/source/MEMs_microphone_driver.sv(line number: 74)] Syntax error near <=
E: Verilog-4005: [E:/FPGA/PangoProjects/MicArray/source/MEMs_microphone_driver.sv(line number: 75)] Syntax error near <=
E: Verilog-4005: [E:/FPGA/PangoProjects/MicArray/source/MEMs_microphone_driver.sv(line number: 76)] Syntax error near <=
E: Verilog-4005: [E:/FPGA/PangoProjects/MicArray/source/MEMs_microphone_driver.sv(line number: 79)] Syntax error near <=
E: Verilog-4005: [E:/FPGA/PangoProjects/MicArray/source/MEMs_microphone_driver.sv(line number: 80)] Syntax error near <=
E: Verilog-4005: [E:/FPGA/PangoProjects/MicArray/source/MEMs_microphone_driver.sv(line number: 81)] Syntax error near <=
E: Verilog-4005: [E:/FPGA/PangoProjects/MicArray/source/MEMs_microphone_driver.sv(line number: 83)] Syntax error near <=
E: Verilog-4005: [E:/FPGA/PangoProjects/MicArray/source/MEMs_microphone_driver.sv(line number: 84)] Syntax error near <=
E: Verilog-4005: [E:/FPGA/PangoProjects/MicArray/source/MEMs_microphone_driver.sv(line number: 85)] Syntax error near <=
E: Verilog-4005: [E:/FPGA/PangoProjects/MicArray/source/MEMs_microphone_driver.sv(line number: 100)] Syntax error near <=
E: Verilog-4005: [E:/FPGA/PangoProjects/MicArray/source/MEMs_microphone_driver.sv(line number: 105)] Syntax error near <=
E: Verilog-4005: [E:/FPGA/PangoProjects/MicArray/source/MEMs_microphone_driver.sv(line number: 110)] Syntax error near <=
E: Verilog-4005: [E:/FPGA/PangoProjects/MicArray/source/MEMs_microphone_driver.sv(line number: 124)] Syntax error near <=
E: Verilog-4005: [E:/FPGA/PangoProjects/MicArray/source/MEMs_microphone_driver.sv(line number: 126)] Syntax error near <=
E: Verilog-4039: [E:/FPGA/PangoProjects/MicArray/source/MEMs_microphone_driver.sv(line number: 12)] Identifier logic is not declared
E: Verilog-4039: [E:/FPGA/PangoProjects/MicArray/source/MEMs_microphone_driver.sv(line number: 13)] Identifier logic is not declared
E: Verilog-4039: [E:/FPGA/PangoProjects/MicArray/source/MEMs_microphone_driver.sv(line number: 15)] Identifier logic is not declared
E: Verilog-4039: [E:/FPGA/PangoProjects/MicArray/source/MEMs_microphone_driver.sv(line number: 16)] Identifier logic is not declared
E: Verilog-4039: [E:/FPGA/PangoProjects/MicArray/source/MEMs_microphone_driver.sv(line number: 17)] Identifier logic is not declared
E: Verilog-4039: [E:/FPGA/PangoProjects/MicArray/source/MEMs_microphone_driver.sv(line number: 18)] Identifier logic is not declared
E: Verilog-4039: [E:/FPGA/PangoProjects/MicArray/source/MEMs_microphone_driver.sv(line number: 19)] Identifier logic is not declared
E: Verilog-4039: [E:/FPGA/PangoProjects/MicArray/source/MEMs_microphone_driver.sv(line number: 21)] Identifier logic is not declared
E: Verilog-4039: [E:/FPGA/PangoProjects/MicArray/source/MEMs_microphone_driver.sv(line number: 22)] Identifier logic is not declared
E: Verilog-4039: [E:/FPGA/PangoProjects/MicArray/source/MEMs_microphone_driver.sv(line number: 23)] Identifier logic is not declared
E: Verilog-4039: [E:/FPGA/PangoProjects/MicArray/source/MEMs_microphone_driver.sv(line number: 24)] Identifier logic is not declared
E: Verilog-4039: [E:/FPGA/PangoProjects/MicArray/source/MEMs_microphone_driver.sv(line number: 25)] Identifier logic is not declared
E: Verilog-4039: [E:/FPGA/PangoProjects/MicArray/source/MEMs_microphone_driver.sv(line number: 26)] Identifier logic is not declared
E: Verilog-4039: [E:/FPGA/PangoProjects/MicArray/source/MEMs_microphone_driver.sv(line number: 27)] Identifier logic is not declared
E: Parsing ERROR.
Executing : .rtl_analyze -work work -include_path {E:/FPGA/PangoProjects/MicArray} E:/FPGA/PangoProjects/MicArray/source/MEMs_microphone_driver.sv successfully.
I: Module "MEMs_microphone_driver" is set as top module.
Program Error Out.
Action compile: Real time elapsed is 0h:0m:3s
Action compile: CPU time elapsed is 0h:0m:0s
Action compile: Process CPU time elapsed is 0h:0m:0s
Current time: Tue May 14 01:07:28 2024
Action compile: Peak memory pool usage is 132 MB
