#Build: Fabric Compiler 2022.1, Build 99559, Jul 12 00:20 2022
#Install: F:\PDS_2022.1\bin
#Application name: pds_shell.exe
#OS: Windows 10 10.0.22631
#Hostname: DESKTOP-OEEU7V0
Generated by Fabric Compiler (version 2022.1 build 99559) at Tue May 14 16:23:08 2024
License checkout: fabric_ads
Compiling verification operator library.
Loading technology operator library.
Compiling technology operator library.
Compiling technology operator (valence) library.
I: Enable SystemVerilog features and keywords
Start rtl-analyze.
Executing : .rtl_analyze -work work -include_path {E:/FPGA/PangoProjects/Pango_MicArray} E:/FPGA/PangoProjects/Pango_MicArray/source/MEMs_microphone_driver.sv
I: Verilog-0001: Analyzing file E:/FPGA/PangoProjects/Pango_MicArray/source/MEMs_microphone_driver.sv
I: Verilog-0002: [E:/FPGA/PangoProjects/Pango_MicArray/source/MEMs_microphone_driver.sv(line number: 10)] Analyzing module MEMs_microphone_driver (library work)
Parsing done.
Executing : .rtl_analyze -work work -include_path {E:/FPGA/PangoProjects/Pango_MicArray} E:/FPGA/PangoProjects/Pango_MicArray/source/MEMs_microphone_driver.sv successfully.
Executing : .rtl_analyze -include_path {E:/FPGA/PangoProjects/Pango_MicArray} E:/FPGA/PangoProjects/Pango_MicArray/ipcore/mic_pll/mic_pll.v
I: Verilog-0001: Analyzing file E:/FPGA/PangoProjects/Pango_MicArray/ipcore/mic_pll/mic_pll.v
I: Verilog-0002: [E:/FPGA/PangoProjects/Pango_MicArray/ipcore/mic_pll/mic_pll.v(line number: 20)] Analyzing module mic_pll (library work)
Parsing done.
Executing : .rtl_analyze -include_path {E:/FPGA/PangoProjects/Pango_MicArray} E:/FPGA/PangoProjects/Pango_MicArray/ipcore/mic_pll/mic_pll.v successfully.
I: Module "MEMs_microphone_driver" is set as top module.
Executing : rtl-analyze successfully. Time elapsed: 1.253s wall, 0.000s user + 0.016s system = 0.016s CPU (1.2%)

Start rtl-elaborate.
I: Verilog-0003: [E:/FPGA/PangoProjects/Pango_MicArray/source/MEMs_microphone_driver.sv(line number: 10)] Elaborating module MEMs_microphone_driver
I: Verilog-0004: [E:/FPGA/PangoProjects/Pango_MicArray/source/MEMs_microphone_driver.sv(line number: 43)] Elaborating instance mic_pll
I: Verilog-0003: [E:/FPGA/PangoProjects/Pango_MicArray/ipcore/mic_pll/mic_pll.v(line number: 20)] Elaborating module mic_pll
I: Verilog-0004: [E:/FPGA/PangoProjects/Pango_MicArray/ipcore/mic_pll/mic_pll.v(line number: 230)] Elaborating instance u_pll_e3
W: Verilog-2021: [E:/FPGA/PangoProjects/Pango_MicArray/ipcore/mic_pll/mic_pll.v(line number: 117)] Net clkfb in mic_pll(original module mic_pll) does not have a driver, tie it to 0
W: Verilog-2021: [E:/FPGA/PangoProjects/Pango_MicArray/ipcore/mic_pll/mic_pll.v(line number: 120)] Net pfden in mic_pll(original module mic_pll) does not have a driver, tie it to 0
W: Verilog-2021: [E:/FPGA/PangoProjects/Pango_MicArray/ipcore/mic_pll/mic_pll.v(line number: 121)] Net clkout0_gate in mic_pll(original module mic_pll) does not have a driver, tie it to 0
W: Verilog-2021: [E:/FPGA/PangoProjects/Pango_MicArray/ipcore/mic_pll/mic_pll.v(line number: 122)] Net clkout0_2pad_gate in mic_pll(original module mic_pll) does not have a driver, tie it to 0
W: Verilog-2021: [E:/FPGA/PangoProjects/Pango_MicArray/ipcore/mic_pll/mic_pll.v(line number: 123)] Net clkout1_gate in mic_pll(original module mic_pll) does not have a driver, tie it to 0
W: Verilog-2021: [E:/FPGA/PangoProjects/Pango_MicArray/ipcore/mic_pll/mic_pll.v(line number: 124)] Net clkout2_gate in mic_pll(original module mic_pll) does not have a driver, tie it to 0
W: Verilog-2021: [E:/FPGA/PangoProjects/Pango_MicArray/ipcore/mic_pll/mic_pll.v(line number: 125)] Net clkout3_gate in mic_pll(original module mic_pll) does not have a driver, tie it to 0
W: Verilog-2021: [E:/FPGA/PangoProjects/Pango_MicArray/ipcore/mic_pll/mic_pll.v(line number: 126)] Net clkout4_gate in mic_pll(original module mic_pll) does not have a driver, tie it to 0
W: Verilog-2021: [E:/FPGA/PangoProjects/Pango_MicArray/ipcore/mic_pll/mic_pll.v(line number: 127)] Net clkout5_gate in mic_pll(original module mic_pll) does not have a driver, tie it to 0
W: Verilog-2021: [E:/FPGA/PangoProjects/Pango_MicArray/ipcore/mic_pll/mic_pll.v(line number: 128)] Net dyn_idiv in mic_pll(original module mic_pll) does not have a driver, tie it to 0
W: Verilog-2021: [E:/FPGA/PangoProjects/Pango_MicArray/ipcore/mic_pll/mic_pll.v(line number: 129)] Net dyn_odiv0 in mic_pll(original module mic_pll) does not have a driver, tie it to 0
W: Verilog-2021: [E:/FPGA/PangoProjects/Pango_MicArray/ipcore/mic_pll/mic_pll.v(line number: 130)] Net dyn_odiv1 in mic_pll(original module mic_pll) does not have a driver, tie it to 0
W: Verilog-2021: [E:/FPGA/PangoProjects/Pango_MicArray/ipcore/mic_pll/mic_pll.v(line number: 131)] Net dyn_odiv2 in mic_pll(original module mic_pll) does not have a driver, tie it to 0
W: Verilog-2021: [E:/FPGA/PangoProjects/Pango_MicArray/ipcore/mic_pll/mic_pll.v(line number: 132)] Net dyn_odiv3 in mic_pll(original module mic_pll) does not have a driver, tie it to 0
W: Verilog-2021: [E:/FPGA/PangoProjects/Pango_MicArray/ipcore/mic_pll/mic_pll.v(line number: 133)] Net dyn_odiv4 in mic_pll(original module mic_pll) does not have a driver, tie it to 0
W: Verilog-2021: [E:/FPGA/PangoProjects/Pango_MicArray/ipcore/mic_pll/mic_pll.v(line number: 134)] Net dyn_fdiv in mic_pll(original module mic_pll) does not have a driver, tie it to 0
W: Verilog-2021: [E:/FPGA/PangoProjects/Pango_MicArray/ipcore/mic_pll/mic_pll.v(line number: 135)] Net dyn_duty0 in mic_pll(original module mic_pll) does not have a driver, tie it to 0
W: Verilog-2021: [E:/FPGA/PangoProjects/Pango_MicArray/ipcore/mic_pll/mic_pll.v(line number: 136)] Net dyn_duty1 in mic_pll(original module mic_pll) does not have a driver, tie it to 0
W: Verilog-2021: [E:/FPGA/PangoProjects/Pango_MicArray/ipcore/mic_pll/mic_pll.v(line number: 137)] Net dyn_duty2 in mic_pll(original module mic_pll) does not have a driver, tie it to 0
W: Verilog-2021: [E:/FPGA/PangoProjects/Pango_MicArray/ipcore/mic_pll/mic_pll.v(line number: 138)] Net dyn_duty3 in mic_pll(original module mic_pll) does not have a driver, tie it to 0
W: Verilog-2021: [E:/FPGA/PangoProjects/Pango_MicArray/ipcore/mic_pll/mic_pll.v(line number: 139)] Net dyn_duty4 in mic_pll(original module mic_pll) does not have a driver, tie it to 0
I: Verilog-0004: [E:/FPGA/PangoProjects/Pango_MicArray/source/MEMs_microphone_driver.sv(line number: 53)] Elaborating instance u_GTP_CLKBUFGCE
W: Verilog-2024: [E:/FPGA/PangoProjects/Pango_MicArray/source/MEMs_microphone_driver.sv(line number: 10)] Give an initial value for the no drive output pin q in graph of sdm module MEMs_microphone_driver
Executing : rtl-elaborate successfully. Time elapsed: 0.002s wall, 0.000s user + 0.000s system = 0.000s CPU (n/a%)

Start rtl-prep.
Executing : rtl-prep successfully. Time elapsed: 0.002s wall, 0.000s user + 0.000s system = 0.000s CPU (n/a%)

Start rtl-infer.
Start DFF-inference.
Executing : DFF-inference successfully.
Executing : rtl-infer successfully. Time elapsed: 0.043s wall, 0.016s user + 0.016s system = 0.031s CPU (72.1%)

Start rtl-control-opt.
Executing : rtl-control-opt successfully. Time elapsed: 0.000s wall, 0.016s user + 0.000s system = 0.016s CPU (n/a%)

Start rtl-data-opt.
Executing : rtl-data-opt successfully. Time elapsed: 0.002s wall, 0.000s user + 0.000s system = 0.000s CPU (n/a%)

Start FSM inference.
Executing : FSM inference successfully. Time elapsed: 0.000s wall, 0.000s user + 0.000s system = 0.000s CPU (n/a%)

Start sdm2adm.
W: Loop was found during constant probe.
I: Constant propagation done on N186 (bmsPMUX).
I: Constant propagation done on N192 (bmsPMUX).
I: Constant propagation done on N178 (bmsPMUX).
I: Constant propagation done on N173 (bmsWIDEMUX).
Executing : sdm2adm successfully. Time elapsed: 0.006s wall, 0.000s user + 0.000s system = 0.000s CPU (n/a%)

Saving design to DB.
Action compile: Real time elapsed is 0h:0m:3s
Action compile: CPU time elapsed is 0h:0m:0s
Action compile: Process CPU time elapsed is 0h:0m:0s
Current time: Tue May 14 16:23:09 2024
Action compile: Peak memory pool usage is 143 MB
